<?xml version="1.0" encoding="UTF-8"?>
<testng-results skipped="0" failed="0" total="1" passed="1">
  <reporter-output>
  </reporter-output>
  <suite name="Default suite" duration-ms="518391" started-at="2020-02-09T04:33:09Z" finished-at="2020-02-09T04:41:47Z">
    <groups>
    </groups>
    <test name="Default test" duration-ms="518391" started-at="2020-02-09T04:33:09Z" finished-at="2020-02-09T04:41:47Z">
      <class name="Testcase.UI">
        <test-method status="PASS" signature="Login()[pri:0, instance:Testcase.UI@843fce]" name="Login" duration-ms="516543" started-at="2020-02-09T10:03:09Z" finished-at="2020-02-09T10:11:45Z">
          <reporter-output>
          </reporter-output>
        </test-method> <!-- Login -->
      </class> <!-- Testcase.UI -->
    </test> <!-- Default test -->
  </suite> <!-- Default suite -->
</testng-results>
